<?xml version="1.0" encoding="UTF-8"?>
<testsuite xmlns:xsi="http://www.w3.org/2001/XMLSchema-instance" xsi:noNamespaceSchemaLocation="https://maven.apache.org/surefire/maven-surefire-plugin/xsd/surefire-test-report.xsd" version="3.0.2" name="com.paulomlr.carteira_digital.CarteiraDigitalApplicationTests" time="4.801" tests="1" errors="0" skipped="0" failures="0">
  <properties>
[...]
</properties>
  <testcase name="contextLoads" classname="com.paulomlr.carteira_digital.CarteiraDigitalApplicationTests" time="0.013">
    <system-out><![CDATA[15:15:49.117 [main] INFO org.springframework.test.context.support.AnnotationConfigContextLoaderUtils -- Could not detect default configuration classes for test class [com.paulomlr.carteira_digital.CarteiraDigitalApplicationTests]: CarteiraDigitalApplicationTests does not declare any static, non-private, non-final, nested classes annotated with @Configuration.
15:15:49.230 [main] INFO org.springframework.boot.test.context.SpringBootTestContextBootstrapper -- Found @SpringBootConfiguration com.paulomlr.carteira_digital.CarteiraDigitalApplication for test class com.paulomlr.carteira_digital.CarteiraDigitalApplicationTests
15:15:49.347 [main] INFO org.springframework.boot.devtools.restart.RestartApplicationListener -- Restart disabled due to context in which it is running

  .   ____          _            __ _ _
 /\\ / ___'_ __ _ _(_)_ __  __ _ \ \ \ \
( ( )\___ | '_ | '_| | '_ \/ _` | \ \ \ \
 \\/  ___)| |_)| | | | | || (_| |  ) ) ) )
  '  |____| .__|_| |_|_| |_\__, | / / / /
 =========|_|==============|___/=/_/_/_/

 :: Spring Boot ::                (v3.4.2)

2025-02-20T15:15:49.627-03:00  INFO 7039 --- [           main] c.p.c.CarteiraDigitalApplicationTests    : Starting CarteiraDigitalApplicationTests using Java 21.0.2 with PID 7039 (started by cliente in /home/cliente/Documents/JAVA_PROJECTS/carteira-digital)
2025-02-20T15:15:49.629-03:00  INFO 7039 --- [           main] c.p.c.CarteiraDigitalApplicationTests    : No active profile set, falling back to 1 default profile: "default"
2025-02-20T15:15:50.316-03:00  INFO 7039 --- [           main] .s.d.r.c.RepositoryConfigurationDelegate : Bootstrapping Spring Data JPA repositories in DEFAULT mode.
2025-02-20T15:15:50.387-03:00  INFO 7039 --- [           main] .s.d.r.c.RepositoryConfigurationDelegate : Finished Spring Data repository scanning in 62 ms. Found 3 JPA repository interfaces.
2025-02-20T15:15:50.915-03:00  INFO 7039 --- [           main] com.zaxxer.hikari.HikariDataSource       : HikariPool-1 - Starting...
2025-02-20T15:15:51.072-03:00  INFO 7039 --- [           main] com.zaxxer.hikari.pool.HikariPool        : HikariPool-1 - Added connection org.postgresql.jdbc.PgConnection@210d3a42
2025-02-20T15:15:51.073-03:00  INFO 7039 --- [           main] com.zaxxer.hikari.HikariDataSource       : HikariPool-1 - Start completed.
2025-02-20T15:15:51.095-03:00  INFO 7039 --- [           main] org.flywaydb.core.FlywayExecutor         : Database: jdbc:postgresql://localhost:5432/digital_wallet (PostgreSQL 15.4)
2025-02-20T15:15:51.135-03:00  INFO 7039 --- [           main] o.f.c.i.s.JdbcTableSchemaHistory         : Schema history table "public"."flyway_schema_history" does not exist yet
2025-02-20T15:15:51.137-03:00  INFO 7039 --- [           main] o.f.core.internal.command.DbValidate     : Successfully validated 4 migrations (execution time 00:00.014s)
2025-02-20T15:15:51.149-03:00  INFO 7039 --- [           main] o.f.c.i.s.JdbcTableSchemaHistory         : Creating Schema History table "public"."flyway_schema_history" ...
2025-02-20T15:15:51.227-03:00  INFO 7039 --- [           main] o.f.core.internal.command.DbMigrate      : Current version of schema "public": << Empty Schema >>
2025-02-20T15:15:51.233-03:00  INFO 7039 --- [           main] o.f.core.internal.command.DbMigrate      : Migrating schema "public" to version "1 - create-wallet-table"
2025-02-20T15:15:51.251-03:00  INFO 7039 --- [           main] o.f.core.internal.command.DbMigrate      : Migrating schema "public" to version "2 - create-user-table"
2025-02-20T15:15:51.268-03:00  INFO 7039 --- [           main] o.f.core.internal.command.DbMigrate      : Migrating schema "public" to version "3 - create-transfer-table"
2025-02-20T15:15:51.281-03:00  INFO 7039 --- [           main] o.f.core.internal.command.DbMigrate      : Migrating schema "public" to version "4 - add-wallet-code"
2025-02-20T15:15:51.291-03:00  INFO 7039 --- [           main] o.f.core.internal.command.DbMigrate      : Successfully applied 4 migrations to schema "public", now at version v4 (execution time 00:00.025s)
2025-02-20T15:15:51.401-03:00  INFO 7039 --- [           main] o.hibernate.jpa.internal.util.LogHelper  : HHH000204: Processing PersistenceUnitInfo [name: default]
2025-02-20T15:15:51.469-03:00  INFO 7039 --- [           main] org.hibernate.Version                    : HHH000412: Hibernate ORM core version 6.6.5.Final
2025-02-20T15:15:51.500-03:00  INFO 7039 --- [           main] o.h.c.internal.RegionFactoryInitiator    : HHH000026: Second-level cache disabled
2025-02-20T15:15:51.606-03:00  INFO 7039 --- [           main] o.s.o.j.p.SpringPersistenceUnitInfo      : No LoadTimeWeaver setup: ignoring JPA class transformer
2025-02-20T15:15:51.671-03:00  WARN 7039 --- [           main] org.hibernate.orm.deprecation            : HHH90000025: PostgreSQLDialect does not need to be specified explicitly using 'hibernate.dialect' (remove the property setting and it will be selected by default)
2025-02-20T15:15:51.683-03:00  INFO 7039 --- [           main] org.hibernate.orm.connections.pooling    : HHH10001005: Database info:
	Database JDBC URL [Connecting through datasource 'HikariDataSource (HikariPool-1)']
	Database driver: undefined/unknown
	Database version: 15.4
	Autocommit mode: undefined/unknown
	Isolation level: undefined/unknown
	Minimum pool size: undefined/unknown
	Maximum pool size: undefined/unknown
2025-02-20T15:15:52.399-03:00  INFO 7039 --- [           main] o.h.e.t.j.p.i.JtaPlatformInitiator       : HHH000489: No JTA platform available (set 'hibernate.transaction.jta.platform' to enable JTA platform integration)
2025-02-20T15:15:52.401-03:00  INFO 7039 --- [           main] j.LocalContainerEntityManagerFactoryBean : Initialized JPA EntityManagerFactory for persistence unit 'default'
2025-02-20T15:15:52.646-03:00  INFO 7039 --- [           main] o.s.d.j.r.query.QueryEnhancerFactory     : Hibernate is in classpath; If applicable, HQL parser will be used.
2025-02-20T15:15:53.231-03:00  WARN 7039 --- [           main] JpaBaseConfiguration$JpaWebConfiguration : spring.jpa.open-in-view is enabled by default. Therefore, database queries may be performed during view rendering. Explicitly configure spring.jpa.open-in-view to disable this warning
2025-02-20T15:15:53.761-03:00  INFO 7039 --- [           main] c.p.c.CarteiraDigitalApplicationTests    : Started CarteiraDigitalApplicationTests in 4.422 seconds (process running for 6.399)
]]></system-out>
  </testcase>
</testsuite>